<?xml version="1.0" encoding="UTF-8"?>
<!-- Generated by org.testng.reporters.JUnitReportReporter -->
<testsuite skipped="0" hostname="DESKTOP-OOG7EOG" name="com.inetbanking.testCases.TC_AddCustomerTest_003" tests="1" failures="0" timestamp="10 Apr 2020 08:53:33 GMT" time="18.799" errors="0">
  <testcase name="addNewCustomer" time="18.799" classname="com.inetbanking.testCases.TC_AddCustomerTest_003"/>
</testsuite> <!-- com.inetbanking.testCases.TC_AddCustomerTest_003 -->
