<?xml version="1.0" encoding="UTF-8"?>
<!-- Generated by org.testng.reporters.JUnitReportReporter -->
<testsuite hostname="DESKTOP-OOG7EOG" failures="0" tests="1" name="com.inetbanking.testCases.TC_AddCustomerTest_003" time="20.167" errors="0" timestamp="10 Apr 2020 14:05:48 GMT" skipped="0">
  <testcase classname="com.inetbanking.testCases.TC_AddCustomerTest_003" name="addNewCustomer" time="20.167"/>
</testsuite> <!-- com.inetbanking.testCases.TC_AddCustomerTest_003 -->
