<?xml version="1.0" encoding="UTF-8"?>
<!-- Generated by org.testng.reporters.JUnitReportReporter -->
<testsuite skipped="0" hostname="DESKTOP-OOG7EOG" name="com.inetbanking.testCases.TC_LoginTest_001" tests="1" failures="0" timestamp="16 Apr 2020 09:48:54 GMT" time="6.673" errors="0">
  <testcase name="loginTest" time="6.673" classname="com.inetbanking.testCases.TC_LoginTest_001"/>
</testsuite> <!-- com.inetbanking.testCases.TC_LoginTest_001 -->
