<?xml version="1.0" encoding="UTF-8"?>
<!-- Generated by org.testng.reporters.JUnitReportReporter -->
<testsuite hostname="DESKTOP-OOG7EOG" failures="0" tests="1" name="com.inetbanking.testCases.TC_LoginTest_001" time="3.983" errors="0" timestamp="10 Apr 2020 14:05:48 GMT" skipped="0">
  <testcase classname="com.inetbanking.testCases.TC_LoginTest_001" name="loginTest" time="3.983"/>
</testsuite> <!-- com.inetbanking.testCases.TC_LoginTest_001 -->
